W tensorflow/core/platform/cpu_feature_guard.cc:45] The TensorFlow library wasn't compiled to use SSE3 instructions, but these are available on your machine and could speed up CPU computations.
W tensorflow/core/platform/cpu_feature_guard.cc:45] The TensorFlow library wasn't compiled to use SSE4.1 instructions, but these are available on your machine and could speed up CPU computations.
W tensorflow/core/platform/cpu_feature_guard.cc:45] The TensorFlow library wasn't compiled to use SSE4.2 instructions, but these are available on your machine and could speed up CPU computations.
W tensorflow/core/platform/cpu_feature_guard.cc:45] The TensorFlow library wasn't compiled to use AVX instructions, but these are available on your machine and could speed up CPU computations.
W tensorflow/core/platform/cpu_feature_guard.cc:45] The TensorFlow library wasn't compiled to use AVX2 instructions, but these are available on your machine and could speed up CPU computations.
W tensorflow/core/platform/cpu_feature_guard.cc:45] The TensorFlow library wasn't compiled to use FMA instructions, but these are available on your machine and could speed up CPU computations.
Epoch 1/50
37s - loss: 0.6875 - acc: 0.5470
Epoch 2/50
37s - loss: 0.6872 - acc: 0.5478
Epoch 3/50
37s - loss: 0.6871 - acc: 0.5481
Epoch 4/50
37s - loss: 0.6870 - acc: 0.5481
Epoch 5/50
37s - loss: 0.6869 - acc: 0.5485
Epoch 6/50
37s - loss: 0.6869 - acc: 0.5483
Epoch 7/50
37s - loss: 0.6869 - acc: 0.5483
Epoch 8/50
37s - loss: 0.6868 - acc: 0.5486
Epoch 9/50
37s - loss: 0.6868 - acc: 0.5485
Epoch 10/50
37s - loss: 0.6867 - acc: 0.5483
Epoch 11/50
37s - loss: 0.6867 - acc: 0.5487
Epoch 12/50
36s - loss: 0.6867 - acc: 0.5488
Epoch 13/50
37s - loss: 0.6867 - acc: 0.5486
Epoch 14/50
37s - loss: 0.6866 - acc: 0.5488
Epoch 15/50
37s - loss: 0.6866 - acc: 0.5487
Epoch 16/50
37s - loss: 0.6866 - acc: 0.5492
Epoch 17/50
37s - loss: 0.6866 - acc: 0.5488
Epoch 18/50
37s - loss: 0.6866 - acc: 0.5486
Epoch 19/50
37s - loss: 0.6865 - acc: 0.5490
Epoch 20/50
37s - loss: 0.6866 - acc: 0.5491
Epoch 21/50
37s - loss: 0.6865 - acc: 0.5492
Epoch 22/50
37s - loss: 0.6865 - acc: 0.5488
Epoch 23/50
37s - loss: 0.6865 - acc: 0.5491
Epoch 24/50
37s - loss: 0.6865 - acc: 0.5489
Epoch 25/50
36s - loss: 0.6864 - acc: 0.5489
Epoch 26/50
37s - loss: 0.6865 - acc: 0.5488
Epoch 27/50
37s - loss: 0.6864 - acc: 0.5490
Epoch 28/50
37s - loss: 0.6864 - acc: 0.5492
Epoch 29/50
37s - loss: 0.6864 - acc: 0.5490
Epoch 30/50
37s - loss: 0.6864 - acc: 0.5490
Epoch 31/50
37s - loss: 0.6864 - acc: 0.5496
Epoch 32/50
37s - loss: 0.6863 - acc: 0.5496
Epoch 33/50
37s - loss: 0.6864 - acc: 0.5490
Epoch 34/50
36s - loss: 0.6863 - acc: 0.5493
Epoch 35/50
36s - loss: 0.6863 - acc: 0.5493
Epoch 36/50
37s - loss: 0.6863 - acc: 0.5491
Epoch 37/50
37s - loss: 0.6864 - acc: 0.5487
Epoch 38/50
36s - loss: 0.6863 - acc: 0.5494
Epoch 39/50
37s - loss: 0.6863 - acc: 0.5493
Epoch 40/50
37s - loss: 0.6864 - acc: 0.5495
Epoch 41/50
37s - loss: 0.6863 - acc: 0.5492
Epoch 42/50
37s - loss: 0.6863 - acc: 0.5493
Epoch 43/50
37s - loss: 0.6863 - acc: 0.5492
Epoch 44/50
37s - loss: 0.6863 - acc: 0.5498
Epoch 45/50
37s - loss: 0.6863 - acc: 0.5494
Epoch 46/50
36s - loss: 0.6863 - acc: 0.5496
Epoch 47/50
37s - loss: 0.6862 - acc: 0.5500
Epoch 48/50
37s - loss: 0.6862 - acc: 0.5498
Epoch 49/50
37s - loss: 0.6862 - acc: 0.5498
Epoch 50/50
37s - loss: 0.6862 - acc: 0.5499
[(0.2, 0.2, 0, 8, 4, False, False), (1585.2899999999972, 0.53303303429503313)]
Epoch 1/50
36s - loss: 0.6874 - acc: 0.5474
Epoch 2/50
36s - loss: 0.6873 - acc: 0.5477
Epoch 3/50
36s - loss: 0.6872 - acc: 0.5478
Epoch 4/50
36s - loss: 0.6870 - acc: 0.5481
Epoch 5/50
36s - loss: 0.6870 - acc: 0.5480
Epoch 6/50
36s - loss: 0.6869 - acc: 0.5477
Epoch 7/50
36s - loss: 0.6869 - acc: 0.5484
Epoch 8/50
36s - loss: 0.6869 - acc: 0.5483
Epoch 9/50
36s - loss: 0.6868 - acc: 0.5484
Epoch 10/50
36s - loss: 0.6868 - acc: 0.5486
Epoch 11/50
36s - loss: 0.6868 - acc: 0.5487
Epoch 12/50
36s - loss: 0.6868 - acc: 0.5485
Epoch 13/50
36s - loss: 0.6867 - acc: 0.5483
Epoch 14/50
36s - loss: 0.6867 - acc: 0.5487
Epoch 15/50
36s - loss: 0.6867 - acc: 0.5485
Epoch 16/50
36s - loss: 0.6866 - acc: 0.5489
Epoch 17/50
36s - loss: 0.6866 - acc: 0.5488
Epoch 18/50
36s - loss: 0.6866 - acc: 0.5489
Epoch 19/50
36s - loss: 0.6866 - acc: 0.5489
Epoch 20/50
36s - loss: 0.6866 - acc: 0.5491
Epoch 21/50
37s - loss: 0.6866 - acc: 0.5489
Epoch 22/50
36s - loss: 0.6866 - acc: 0.5491
Epoch 23/50
36s - loss: 0.6866 - acc: 0.5491
Epoch 24/50
36s - loss: 0.6866 - acc: 0.5486
Epoch 25/50
36s - loss: 0.6866 - acc: 0.5491
Epoch 26/50
36s - loss: 0.6865 - acc: 0.5492
Epoch 27/50
36s - loss: 0.6865 - acc: 0.5491
Epoch 28/50
36s - loss: 0.6865 - acc: 0.5490
Epoch 29/50
37s - loss: 0.6865 - acc: 0.5491
Epoch 30/50
36s - loss: 0.6866 - acc: 0.5491
Epoch 31/50
36s - loss: 0.6865 - acc: 0.5491
Epoch 32/50
36s - loss: 0.6865 - acc: 0.5490
Epoch 33/50
36s - loss: 0.6865 - acc: 0.5491
Epoch 34/50
36s - loss: 0.6864 - acc: 0.5494
Epoch 35/50
36s - loss: 0.6864 - acc: 0.5492
Epoch 36/50
36s - loss: 0.6864 - acc: 0.5489
Epoch 37/50
36s - loss: 0.6864 - acc: 0.5491
Epoch 38/50
36s - loss: 0.6864 - acc: 0.5495
Epoch 39/50
36s - loss: 0.6863 - acc: 0.5493
Epoch 40/50
36s - loss: 0.6863 - acc: 0.5495
Epoch 41/50
36s - loss: 0.6864 - acc: 0.5493
Epoch 42/50
36s - loss: 0.6863 - acc: 0.5497
Epoch 43/50
36s - loss: 0.6863 - acc: 0.5494
Epoch 44/50
36s - loss: 0.6864 - acc: 0.5495
Epoch 45/50
36s - loss: 0.6864 - acc: 0.5495
Epoch 46/50
36s - loss: 0.6864 - acc: 0.5498
Epoch 47/50
36s - loss: 0.6863 - acc: 0.5493
Epoch 48/50
36s - loss: 0.6863 - acc: 0.5496
Epoch 49/50
36s - loss: 0.6863 - acc: 0.5495
Epoch 50/50
36s - loss: 0.6862 - acc: 0.5494
[(0.2, 0.2, 0, 8, 8, False, False), (1632.8049999999967, 0.5337849480090846)]
Epoch 1/50
36s - loss: 0.6874 - acc: 0.5474
Epoch 2/50
36s - loss: 0.6871 - acc: 0.5483
Epoch 3/50
35s - loss: 0.6871 - acc: 0.5481
Epoch 4/50
36s - loss: 0.6871 - acc: 0.5480
Epoch 5/50
36s - loss: 0.6870 - acc: 0.5484
Epoch 6/50
36s - loss: 0.6869 - acc: 0.5481
Epoch 7/50
36s - loss: 0.6869 - acc: 0.5484
Epoch 8/50
36s - loss: 0.6868 - acc: 0.5485
Epoch 9/50
36s - loss: 0.6868 - acc: 0.5487
Epoch 10/50
36s - loss: 0.6868 - acc: 0.5485
Epoch 11/50
36s - loss: 0.6867 - acc: 0.5489
Epoch 12/50
36s - loss: 0.6867 - acc: 0.5487
Epoch 13/50
36s - loss: 0.6868 - acc: 0.5484
Epoch 14/50
36s - loss: 0.6867 - acc: 0.5483
Epoch 15/50
36s - loss: 0.6867 - acc: 0.5484
Epoch 16/50
36s - loss: 0.6867 - acc: 0.5489
Epoch 17/50
36s - loss: 0.6866 - acc: 0.5489
Epoch 18/50
36s - loss: 0.6867 - acc: 0.5489
Epoch 19/50
36s - loss: 0.6866 - acc: 0.5490
Epoch 20/50
36s - loss: 0.6867 - acc: 0.5486
Epoch 21/50
36s - loss: 0.6867 - acc: 0.5490
Epoch 22/50
36s - loss: 0.6866 - acc: 0.5486
Epoch 23/50
36s - loss: 0.6866 - acc: 0.5490
Epoch 24/50
36s - loss: 0.6866 - acc: 0.5489
Epoch 25/50
36s - loss: 0.6865 - acc: 0.5487
Epoch 26/50
36s - loss: 0.6865 - acc: 0.5492
Epoch 27/50
36s - loss: 0.6865 - acc: 0.5491
Epoch 28/50
36s - loss: 0.6866 - acc: 0.5490
Epoch 29/50
36s - loss: 0.6865 - acc: 0.5488
Epoch 30/50
36s - loss: 0.6865 - acc: 0.5491
Epoch 31/50
36s - loss: 0.6866 - acc: 0.5486
Epoch 32/50
36s - loss: 0.6865 - acc: 0.5491
Epoch 33/50
36s - loss: 0.6865 - acc: 0.5497
Epoch 34/50
36s - loss: 0.6864 - acc: 0.5491
Epoch 35/50
36s - loss: 0.6865 - acc: 0.5491
Epoch 36/50
36s - loss: 0.6864 - acc: 0.5492
Epoch 37/50
36s - loss: 0.6865 - acc: 0.5488
Epoch 38/50
36s - loss: 0.6864 - acc: 0.5494
Epoch 39/50
36s - loss: 0.6864 - acc: 0.5491
Epoch 40/50
36s - loss: 0.6864 - acc: 0.5491
Epoch 41/50
36s - loss: 0.6864 - acc: 0.5493
Epoch 42/50
36s - loss: 0.6863 - acc: 0.5494
Epoch 43/50
36s - loss: 0.6863 - acc: 0.5494
Epoch 44/50
36s - loss: 0.6863 - acc: 0.5494
Epoch 45/50
36s - loss: 0.6862 - acc: 0.5495
Epoch 46/50
36s - loss: 0.6863 - acc: 0.5495
Epoch 47/50
36s - loss: 0.6862 - acc: 0.5496
Epoch 48/50
36s - loss: 0.6863 - acc: 0.5490
Epoch 49/50
36s - loss: 0.6862 - acc: 0.5491
Epoch 50/50
36s - loss: 0.6862 - acc: 0.5495
[(0.2, 0.2, 0, 8, 16, False, False), (1644.9399999999987, 0.53313097937453835)]
Epoch 1/50
36s - loss: 0.6874 - acc: 0.5471
Epoch 2/50
36s - loss: 0.6872 - acc: 0.5480
Epoch 3/50
36s - loss: 0.6870 - acc: 0.5484
Epoch 4/50
36s - loss: 0.6871 - acc: 0.5487
Epoch 5/50
36s - loss: 0.6870 - acc: 0.5485
Epoch 6/50
36s - loss: 0.6870 - acc: 0.5480
Epoch 7/50
36s - loss: 0.6870 - acc: 0.5485
Epoch 8/50
36s - loss: 0.6869 - acc: 0.5486
Epoch 9/50
36s - loss: 0.6868 - acc: 0.5487
Epoch 10/50
36s - loss: 0.6868 - acc: 0.5487
Epoch 11/50
36s - loss: 0.6868 - acc: 0.5487
Epoch 12/50
37s - loss: 0.6868 - acc: 0.5485
Epoch 13/50
36s - loss: 0.6868 - acc: 0.5484
Epoch 14/50
36s - loss: 0.6867 - acc: 0.5487
Epoch 15/50
36s - loss: 0.6868 - acc: 0.5485
Epoch 16/50
36s - loss: 0.6867 - acc: 0.5486
Epoch 17/50
36s - loss: 0.6867 - acc: 0.5489
Epoch 18/50
36s - loss: 0.6867 - acc: 0.5486
Epoch 19/50
36s - loss: 0.6867 - acc: 0.5490
Epoch 20/50
37s - loss: 0.6867 - acc: 0.5490
Epoch 21/50
36s - loss: 0.6867 - acc: 0.5493
Epoch 22/50
36s - loss: 0.6866 - acc: 0.5492
Epoch 23/50
37s - loss: 0.6866 - acc: 0.5489
Epoch 24/50
36s - loss: 0.6866 - acc: 0.5487
Epoch 25/50
36s - loss: 0.6866 - acc: 0.5490
Epoch 26/50
36s - loss: 0.6866 - acc: 0.5489
Epoch 27/50
36s - loss: 0.6866 - acc: 0.5491
Epoch 28/50
37s - loss: 0.6866 - acc: 0.5495
Epoch 29/50
37s - loss: 0.6865 - acc: 0.5489
Epoch 30/50
36s - loss: 0.6865 - acc: 0.5493
Epoch 31/50
36s - loss: 0.6865 - acc: 0.5492
Epoch 32/50
37s - loss: 0.6865 - acc: 0.5490
Epoch 33/50
36s - loss: 0.6865 - acc: 0.5492
Epoch 34/50
36s - loss: 0.6864 - acc: 0.5493
Epoch 35/50
36s - loss: 0.6864 - acc: 0.5494
Epoch 36/50
36s - loss: 0.6865 - acc: 0.5496
Epoch 37/50
36s - loss: 0.6865 - acc: 0.5493
Epoch 38/50
36s - loss: 0.6864 - acc: 0.5490
Epoch 39/50
36s - loss: 0.6864 - acc: 0.5492
Epoch 40/50
36s - loss: 0.6863 - acc: 0.5497
Epoch 41/50
36s - loss: 0.6863 - acc: 0.5493
Epoch 42/50
36s - loss: 0.6863 - acc: 0.5491
Epoch 43/50
36s - loss: 0.6863 - acc: 0.5498
Epoch 44/50
36s - loss: 0.6863 - acc: 0.5492
Epoch 45/50
36s - loss: 0.6862 - acc: 0.5494
Epoch 46/50
36s - loss: 0.6863 - acc: 0.5491
Epoch 47/50
36s - loss: 0.6862 - acc: 0.5496
Epoch 48/50
36s - loss: 0.6862 - acc: 0.5499
Epoch 49/50
36s - loss: 0.6862 - acc: 0.5495
Epoch 50/50
36s - loss: 0.6861 - acc: 0.5498
[(0.2, 0.2, 0, 16, 4, False, False), (1685.5849999999991, 0.53341117667796778)]
Epoch 1/50
36s - loss: 0.6874 - acc: 0.5472
Epoch 2/50
36s - loss: 0.6871 - acc: 0.5480
Epoch 3/50
36s - loss: 0.6870 - acc: 0.5484
Epoch 4/50
36s - loss: 0.6870 - acc: 0.5483
Epoch 5/50
36s - loss: 0.6870 - acc: 0.5480
Epoch 6/50
36s - loss: 0.6868 - acc: 0.5485
Epoch 7/50
36s - loss: 0.6869 - acc: 0.5485
Epoch 8/50
36s - loss: 0.6868 - acc: 0.5487
Epoch 9/50
36s - loss: 0.6868 - acc: 0.5488
Epoch 10/50
37s - loss: 0.6867 - acc: 0.5489
Epoch 11/50
36s - loss: 0.6867 - acc: 0.5489
Epoch 12/50
36s - loss: 0.6867 - acc: 0.5485
Epoch 13/50
36s - loss: 0.6867 - acc: 0.5486
Epoch 14/50
36s - loss: 0.6867 - acc: 0.5486
Epoch 15/50
36s - loss: 0.6866 - acc: 0.5485
Epoch 16/50
37s - loss: 0.6866 - acc: 0.5487
Epoch 17/50
36s - loss: 0.6866 - acc: 0.5488
Epoch 18/50
36s - loss: 0.6865 - acc: 0.5491
Epoch 19/50
36s - loss: 0.6865 - acc: 0.5490
Epoch 20/50
36s - loss: 0.6866 - acc: 0.5492
Epoch 21/50
36s - loss: 0.6865 - acc: 0.5487
Epoch 22/50
36s - loss: 0.6865 - acc: 0.5490
Epoch 23/50
37s - loss: 0.6864 - acc: 0.5496
Epoch 24/50
36s - loss: 0.6864 - acc: 0.5493
Epoch 25/50
37s - loss: 0.6864 - acc: 0.5489
Epoch 26/50
36s - loss: 0.6864 - acc: 0.5490
Epoch 27/50
36s - loss: 0.6864 - acc: 0.5493
Epoch 28/50
36s - loss: 0.6864 - acc: 0.5494
Epoch 29/50
36s - loss: 0.6863 - acc: 0.5493
Epoch 30/50
36s - loss: 0.6864 - acc: 0.5492
Epoch 31/50
36s - loss: 0.6864 - acc: 0.5490
Epoch 32/50
36s - loss: 0.6863 - acc: 0.5493
Epoch 33/50
36s - loss: 0.6863 - acc: 0.5492
Epoch 34/50
36s - loss: 0.6863 - acc: 0.5491
Epoch 35/50
36s - loss: 0.6862 - acc: 0.5492
Epoch 36/50
36s - loss: 0.6863 - acc: 0.5494
Epoch 37/50
36s - loss: 0.6863 - acc: 0.5492
Epoch 38/50
36s - loss: 0.6862 - acc: 0.5497
Epoch 39/50
36s - loss: 0.6863 - acc: 0.5492
Epoch 40/50
36s - loss: 0.6863 - acc: 0.5493
Epoch 41/50
37s - loss: 0.6862 - acc: 0.5496
Epoch 42/50
36s - loss: 0.6862 - acc: 0.5491
Epoch 43/50
37s - loss: 0.6862 - acc: 0.5494
Epoch 44/50
36s - loss: 0.6862 - acc: 0.5496
Epoch 45/50
37s - loss: 0.6861 - acc: 0.5497
Epoch 46/50
36s - loss: 0.6862 - acc: 0.5498
Epoch 47/50
36s - loss: 0.6861 - acc: 0.5493
Epoch 48/50
37s - loss: 0.6861 - acc: 0.5494
Epoch 49/50
36s - loss: 0.6861 - acc: 0.5498
Epoch 50/50
36s - loss: 0.6861 - acc: 0.5495
[(0.2, 0.2, 0, 16, 8, False, False), (1677.9199999999983, 0.53334265533430147)]
Epoch 1/50
36s - loss: 0.6874 - acc: 0.5475
Epoch 2/50
36s - loss: 0.6872 - acc: 0.5480
Epoch 3/50
36s - loss: 0.6870 - acc: 0.5481
Epoch 4/50
36s - loss: 0.6870 - acc: 0.5482
Epoch 5/50
36s - loss: 0.6869 - acc: 0.5484
Epoch 6/50
36s - loss: 0.6869 - acc: 0.5481
Epoch 7/50
37s - loss: 0.6869 - acc: 0.5488
Epoch 8/50
36s - loss: 0.6868 - acc: 0.5489
Epoch 9/50
37s - loss: 0.6868 - acc: 0.5491
Epoch 10/50
37s - loss: 0.6868 - acc: 0.5485
Epoch 11/50
36s - loss: 0.6868 - acc: 0.5487
Epoch 12/50
37s - loss: 0.6867 - acc: 0.5485
Epoch 13/50
36s - loss: 0.6868 - acc: 0.5484
Epoch 14/50
37s - loss: 0.6867 - acc: 0.5487
Epoch 15/50
36s - loss: 0.6867 - acc: 0.5486
Epoch 16/50
36s - loss: 0.6867 - acc: 0.5487
Epoch 17/50
37s - loss: 0.6866 - acc: 0.5490
Epoch 18/50
37s - loss: 0.6866 - acc: 0.5484
Epoch 19/50
37s - loss: 0.6866 - acc: 0.5490
Epoch 20/50
37s - loss: 0.6866 - acc: 0.5490
Epoch 21/50
36s - loss: 0.6866 - acc: 0.5490
Epoch 22/50
37s - loss: 0.6866 - acc: 0.5488
Epoch 23/50
37s - loss: 0.6865 - acc: 0.5491
Epoch 24/50
36s - loss: 0.6865 - acc: 0.5491
Epoch 25/50
37s - loss: 0.6866 - acc: 0.5490
Epoch 26/50
36s - loss: 0.6865 - acc: 0.5492
Epoch 27/50
37s - loss: 0.6866 - acc: 0.5489
Epoch 28/50
37s - loss: 0.6865 - acc: 0.5494
Epoch 29/50
36s - loss: 0.6865 - acc: 0.5490
Epoch 30/50
37s - loss: 0.6864 - acc: 0.5492
Epoch 31/50
36s - loss: 0.6864 - acc: 0.5492
Epoch 32/50
37s - loss: 0.6864 - acc: 0.5494
Epoch 33/50
37s - loss: 0.6864 - acc: 0.5491
Epoch 34/50
36s - loss: 0.6864 - acc: 0.5494
Epoch 35/50
37s - loss: 0.6864 - acc: 0.5493
Epoch 36/50
36s - loss: 0.6864 - acc: 0.5489
Epoch 37/50
37s - loss: 0.6863 - acc: 0.5491
Epoch 38/50
37s - loss: 0.6863 - acc: 0.5491
Epoch 39/50
36s - loss: 0.6863 - acc: 0.5493
Epoch 40/50
37s - loss: 0.6863 - acc: 0.5495
Epoch 41/50
37s - loss: 0.6862 - acc: 0.5498
Epoch 42/50
36s - loss: 0.6863 - acc: 0.5491
Epoch 43/50
37s - loss: 0.6862 - acc: 0.5495
Epoch 44/50
37s - loss: 0.6862 - acc: 0.5496
Epoch 45/50
36s - loss: 0.6862 - acc: 0.5499
Epoch 46/50
37s - loss: 0.6861 - acc: 0.5494
Epoch 47/50
36s - loss: 0.6862 - acc: 0.5496
Epoch 48/50
37s - loss: 0.6862 - acc: 0.5497
Epoch 49/50
37s - loss: 0.6862 - acc: 0.5493
Epoch 50/50
36s - loss: 0.6862 - acc: 0.5499
[(0.2, 0.2, 0, 16, 16, False, False), (1587.5449999999946, 0.53252813973922075)]
Epoch 1/50
37s - loss: 0.6877 - acc: 0.5467
Epoch 2/50
36s - loss: 0.6874 - acc: 0.5474
Epoch 3/50
37s - loss: 0.6873 - acc: 0.5480
Epoch 4/50
37s - loss: 0.6871 - acc: 0.5482
Epoch 5/50
37s - loss: 0.6871 - acc: 0.5479
Epoch 6/50
37s - loss: 0.6871 - acc: 0.5481
Epoch 7/50
37s - loss: 0.6870 - acc: 0.5483
Epoch 8/50
37s - loss: 0.6870 - acc: 0.5484
Epoch 9/50
37s - loss: 0.6870 - acc: 0.5482
Epoch 10/50
37s - loss: 0.6869 - acc: 0.5485
Epoch 11/50
37s - loss: 0.6869 - acc: 0.5484
Epoch 12/50
37s - loss: 0.6869 - acc: 0.5488
Epoch 13/50
36s - loss: 0.6869 - acc: 0.5483
Epoch 14/50
37s - loss: 0.6869 - acc: 0.5480
Epoch 15/50
37s - loss: 0.6869 - acc: 0.5482
Epoch 16/50
37s - loss: 0.6868 - acc: 0.5485
Epoch 17/50
37s - loss: 0.6869 - acc: 0.5484
Epoch 18/50
36s - loss: 0.6869 - acc: 0.5480
Epoch 19/50
37s - loss: 0.6868 - acc: 0.5487
Epoch 20/50
37s - loss: 0.6868 - acc: 0.5483
Epoch 21/50
36s - loss: 0.6868 - acc: 0.5485
Epoch 22/50
37s - loss: 0.6869 - acc: 0.5482
Epoch 23/50
37s - loss: 0.6869 - acc: 0.5485
Epoch 24/50
37s - loss: 0.6868 - acc: 0.5483
Epoch 25/50
37s - loss: 0.6868 - acc: 0.5485
Epoch 26/50
36s - loss: 0.6869 - acc: 0.5480
Epoch 27/50
37s - loss: 0.6868 - acc: 0.5486
Epoch 28/50
37s - loss: 0.6869 - acc: 0.5480
Epoch 29/50
36s - loss: 0.6868 - acc: 0.5486
Epoch 30/50
37s - loss: 0.6868 - acc: 0.5485
Epoch 31/50
37s - loss: 0.6868 - acc: 0.5485
Epoch 32/50
37s - loss: 0.6868 - acc: 0.5484
Epoch 33/50
37s - loss: 0.6868 - acc: 0.5484
Epoch 34/50
37s - loss: 0.6868 - acc: 0.5483
Epoch 35/50
37s - loss: 0.6868 - acc: 0.5488
Epoch 36/50
37s - loss: 0.6868 - acc: 0.5484
Epoch 37/50
36s - loss: 0.6868 - acc: 0.5487
Epoch 38/50
37s - loss: 0.6867 - acc: 0.5486
Epoch 39/50
37s - loss: 0.6868 - acc: 0.5485
Epoch 40/50
37s - loss: 0.6868 - acc: 0.5489
Epoch 41/50
37s - loss: 0.6867 - acc: 0.5487
Epoch 42/50
37s - loss: 0.6867 - acc: 0.5489
Epoch 43/50
37s - loss: 0.6868 - acc: 0.5483
Epoch 44/50
37s - loss: 0.6867 - acc: 0.5487
Epoch 45/50
37s - loss: 0.6867 - acc: 0.5485
Epoch 46/50
37s - loss: 0.6868 - acc: 0.5483
Epoch 47/50
36s - loss: 0.6867 - acc: 0.5486
Epoch 48/50
37s - loss: 0.6867 - acc: 0.5482
Epoch 49/50
37s - loss: 0.6867 - acc: 0.5488
Epoch 50/50
36s - loss: 0.6866 - acc: 0.5486
[(0.2, 0.2, 0.2, 8, 4, False, False), (1610.6449999999968, 0.53191244687451233)]
Epoch 1/50
37s - loss: 0.6877 - acc: 0.5467
Epoch 2/50
37s - loss: 0.6873 - acc: 0.5474
Epoch 3/50
36s - loss: 0.6872 - acc: 0.5480
Epoch 4/50
37s - loss: 0.6871 - acc: 0.5483
Epoch 5/50
37s - loss: 0.6871 - acc: 0.5481
Epoch 6/50
37s - loss: 0.6871 - acc: 0.5483
Epoch 7/50
37s - loss: 0.6871 - acc: 0.5483
Epoch 8/50
37s - loss: 0.6870 - acc: 0.5483
Epoch 9/50
37s - loss: 0.6870 - acc: 0.5485
Epoch 10/50
37s - loss: 0.6869 - acc: 0.5484
Epoch 11/50
37s - loss: 0.6869 - acc: 0.5482
Epoch 12/50
37s - loss: 0.6869 - acc: 0.5485
Epoch 13/50
37s - loss: 0.6868 - acc: 0.5489
Epoch 14/50
37s - loss: 0.6868 - acc: 0.5484
Epoch 15/50
37s - loss: 0.6868 - acc: 0.5486
Epoch 16/50
37s - loss: 0.6868 - acc: 0.5487
Epoch 17/50
37s - loss: 0.6869 - acc: 0.5484
Epoch 18/50
37s - loss: 0.6868 - acc: 0.5488
Epoch 19/50
37s - loss: 0.6868 - acc: 0.5483
Epoch 20/50
37s - loss: 0.6868 - acc: 0.5484
Epoch 21/50
37s - loss: 0.6869 - acc: 0.5484
Epoch 22/50
37s - loss: 0.6868 - acc: 0.5486
Epoch 23/50
37s - loss: 0.6868 - acc: 0.5483
Epoch 24/50
37s - loss: 0.6868 - acc: 0.5485
Epoch 25/50
37s - loss: 0.6867 - acc: 0.5485
Epoch 26/50
37s - loss: 0.6867 - acc: 0.5488
Epoch 27/50
37s - loss: 0.6867 - acc: 0.5491
Epoch 28/50
37s - loss: 0.6868 - acc: 0.5486
Epoch 29/50
37s - loss: 0.6867 - acc: 0.5490
Epoch 30/50
37s - loss: 0.6866 - acc: 0.5487
Epoch 31/50
37s - loss: 0.6867 - acc: 0.5489
Epoch 32/50
36s - loss: 0.6867 - acc: 0.5488
Epoch 33/50
37s - loss: 0.6867 - acc: 0.5487
Epoch 34/50
36s - loss: 0.6867 - acc: 0.5486
Epoch 35/50
37s - loss: 0.6866 - acc: 0.5489
Epoch 36/50
37s - loss: 0.6866 - acc: 0.5489
Epoch 37/50
36s - loss: 0.6867 - acc: 0.5490
Epoch 38/50
37s - loss: 0.6865 - acc: 0.5493
Epoch 39/50
37s - loss: 0.6866 - acc: 0.5492
Epoch 40/50
37s - loss: 0.6866 - acc: 0.5487
Epoch 41/50
37s - loss: 0.6866 - acc: 0.5486
Epoch 42/50
37s - loss: 0.6866 - acc: 0.5486
Epoch 43/50
37s - loss: 0.6866 - acc: 0.5488
Epoch 44/50
37s - loss: 0.6866 - acc: 0.5490
Epoch 45/50
37s - loss: 0.6865 - acc: 0.5490
Epoch 46/50
37s - loss: 0.6865 - acc: 0.5493
Epoch 47/50
37s - loss: 0.6865 - acc: 0.5490
Epoch 48/50
37s - loss: 0.6865 - acc: 0.5492
Epoch 49/50
37s - loss: 0.6866 - acc: 0.5492
Epoch 50/50
37s - loss: 0.6865 - acc: 0.5490
[(0.2, 0.2, 0.2, 8, 8, False, False), (1234.3449999999975, 0.53112191956300125)]
Epoch 1/50
37s - loss: 0.6877 - acc: 0.5468
Epoch 2/50
37s - loss: 0.6873 - acc: 0.5478
Epoch 3/50
37s - loss: 0.6872 - acc: 0.5475
Epoch 4/50
37s - loss: 0.6871 - acc: 0.5481
Epoch 5/50
37s - loss: 0.6871 - acc: 0.5480
Epoch 6/50
37s - loss: 0.6871 - acc: 0.5481
Epoch 7/50
37s - loss: 0.6870 - acc: 0.5484
Epoch 8/50
37s - loss: 0.6870 - acc: 0.5481
Epoch 9/50
37s - loss: 0.6870 - acc: 0.5486
Epoch 10/50
37s - loss: 0.6869 - acc: 0.5482
Epoch 11/50
37s - loss: 0.6869 - acc: 0.5482
Epoch 12/50
37s - loss: 0.6869 - acc: 0.5483
Epoch 13/50
37s - loss: 0.6869 - acc: 0.5485
Epoch 14/50
37s - loss: 0.6870 - acc: 0.5484
Epoch 15/50
37s - loss: 0.6869 - acc: 0.5485
Epoch 16/50
37s - loss: 0.6869 - acc: 0.5484
Epoch 17/50
37s - loss: 0.6869 - acc: 0.5481
Epoch 18/50
38s - loss: 0.6869 - acc: 0.5480
Epoch 19/50
37s - loss: 0.6870 - acc: 0.5482
Epoch 20/50
37s - loss: 0.6869 - acc: 0.5482
Epoch 21/50
37s - loss: 0.6869 - acc: 0.5483
Epoch 22/50
37s - loss: 0.6869 - acc: 0.5484
Epoch 23/50
37s - loss: 0.6869 - acc: 0.5484
Epoch 24/50
37s - loss: 0.6869 - acc: 0.5484
Epoch 25/50
37s - loss: 0.6869 - acc: 0.5484
Epoch 26/50
37s - loss: 0.6869 - acc: 0.5485
Epoch 27/50
37s - loss: 0.6870 - acc: 0.5482
Epoch 28/50
37s - loss: 0.6869 - acc: 0.5482
Epoch 29/50
37s - loss: 0.6868 - acc: 0.5485
Epoch 30/50
37s - loss: 0.6868 - acc: 0.5479
Epoch 31/50
37s - loss: 0.6868 - acc: 0.5485
Epoch 32/50
37s - loss: 0.6868 - acc: 0.5486
Epoch 33/50
37s - loss: 0.6868 - acc: 0.5480
Epoch 34/50
37s - loss: 0.6869 - acc: 0.5486
Epoch 35/50
37s - loss: 0.6869 - acc: 0.5485
Epoch 36/50
37s - loss: 0.6869 - acc: 0.5486
Epoch 37/50
37s - loss: 0.6870 - acc: 0.5480
Epoch 38/50
37s - loss: 0.6869 - acc: 0.5482
Epoch 39/50
37s - loss: 0.6869 - acc: 0.5482
Epoch 40/50
37s - loss: 0.6869 - acc: 0.5481
Epoch 41/50
37s - loss: 0.6868 - acc: 0.5481
Epoch 42/50
37s - loss: 0.6868 - acc: 0.5481
Epoch 43/50
37s - loss: 0.6869 - acc: 0.5479
Epoch 44/50
37s - loss: 0.6869 - acc: 0.5480
Epoch 45/50
37s - loss: 0.6869 - acc: 0.5482
Epoch 46/50
37s - loss: 0.6868 - acc: 0.5480
Epoch 47/50
37s - loss: 0.6870 - acc: 0.5479
Epoch 48/50
37s - loss: 0.6869 - acc: 0.5482
Epoch 49/50
37s - loss: 0.6869 - acc: 0.5478
Epoch 50/50
37s - loss: 0.6869 - acc: 0.5482
[(0.2, 0.2, 0.2, 8, 16, False, False), (1586.1399999999958, 0.53253686794024346)]
Epoch 1/50
37s - loss: 0.6876 - acc: 0.5465
Epoch 2/50
37s - loss: 0.6873 - acc: 0.5473
Epoch 3/50
37s - loss: 0.6871 - acc: 0.5479
Epoch 4/50
37s - loss: 0.6871 - acc: 0.5479
Epoch 5/50
37s - loss: 0.6870 - acc: 0.5482
Epoch 6/50
37s - loss: 0.6870 - acc: 0.5481
Epoch 7/50
37s - loss: 0.6869 - acc: 0.5482
Epoch 8/50
38s - loss: 0.6870 - acc: 0.5477
Epoch 9/50
38s - loss: 0.6869 - acc: 0.5483
Epoch 10/50
37s - loss: 0.6869 - acc: 0.5482
Epoch 11/50
38s - loss: 0.6869 - acc: 0.5482
Epoch 12/50
38s - loss: 0.6869 - acc: 0.5482
Epoch 13/50
37s - loss: 0.6869 - acc: 0.5483
Epoch 14/50
38s - loss: 0.6869 - acc: 0.5480
Epoch 15/50
37s - loss: 0.6869 - acc: 0.5480
Epoch 16/50
38s - loss: 0.6868 - acc: 0.5482
Epoch 17/50
38s - loss: 0.6868 - acc: 0.5481
Epoch 18/50
37s - loss: 0.6869 - acc: 0.5477
Epoch 19/50
37s - loss: 0.6868 - acc: 0.5483
Epoch 20/50
38s - loss: 0.6868 - acc: 0.5481
Epoch 21/50
37s - loss: 0.6869 - acc: 0.5489
Epoch 22/50
37s - loss: 0.6868 - acc: 0.5486
Epoch 23/50
38s - loss: 0.6868 - acc: 0.5483
Epoch 24/50
38s - loss: 0.6868 - acc: 0.5479
Epoch 25/50
37s - loss: 0.6868 - acc: 0.5483
Epoch 26/50
37s - loss: 0.6868 - acc: 0.5481
Epoch 27/50
37s - loss: 0.6867 - acc: 0.5487
Epoch 28/50
37s - loss: 0.6868 - acc: 0.5483
Epoch 29/50
37s - loss: 0.6867 - acc: 0.5482
Epoch 30/50
38s - loss: 0.6867 - acc: 0.5486
Epoch 31/50
37s - loss: 0.6868 - acc: 0.5481
Epoch 32/50
37s - loss: 0.6867 - acc: 0.5482
Epoch 33/50
38s - loss: 0.6867 - acc: 0.5488
Epoch 34/50
37s - loss: 0.6867 - acc: 0.5492
Epoch 35/50
37s - loss: 0.6868 - acc: 0.5482
Epoch 36/50
37s - loss: 0.6867 - acc: 0.5487
Epoch 37/50
37s - loss: 0.6867 - acc: 0.5481
Epoch 38/50
37s - loss: 0.6867 - acc: 0.5490
Epoch 39/50
37s - loss: 0.6868 - acc: 0.5487
Epoch 40/50
37s - loss: 0.6867 - acc: 0.5491
Epoch 41/50
37s - loss: 0.6867 - acc: 0.5487
Epoch 42/50
37s - loss: 0.6867 - acc: 0.5482
Epoch 43/50
37s - loss: 0.6867 - acc: 0.5484
Epoch 44/50
37s - loss: 0.6867 - acc: 0.5488
Epoch 45/50
37s - loss: 0.6866 - acc: 0.5487
Epoch 46/50
37s - loss: 0.6867 - acc: 0.5488
Epoch 47/50
37s - loss: 0.6868 - acc: 0.5485
Epoch 48/50
37s - loss: 0.6867 - acc: 0.5485
Epoch 49/50
37s - loss: 0.6866 - acc: 0.5488
Epoch 50/50
37s - loss: 0.6867 - acc: 0.5485
[(0.2, 0.2, 0.2, 16, 4, False, False), (1363.9949999999953, 0.53205506316032847)]
Epoch 1/50
37s - loss: 0.6876 - acc: 0.5464
Epoch 2/50
37s - loss: 0.6873 - acc: 0.5477
Epoch 3/50
37s - loss: 0.6872 - acc: 0.5473
Epoch 4/50
37s - loss: 0.6872 - acc: 0.5478
Epoch 5/50
38s - loss: 0.6871 - acc: 0.5478
Epoch 6/50
37s - loss: 0.6870 - acc: 0.5484
Epoch 7/50
38s - loss: 0.6870 - acc: 0.5485
Epoch 8/50
37s - loss: 0.6869 - acc: 0.5479
Epoch 9/50
37s - loss: 0.6869 - acc: 0.5486
Epoch 10/50
38s - loss: 0.6869 - acc: 0.5483
Epoch 11/50
37s - loss: 0.6869 - acc: 0.5482
Epoch 12/50
37s - loss: 0.6869 - acc: 0.5483
Epoch 13/50
37s - loss: 0.6869 - acc: 0.5481
Epoch 14/50
37s - loss: 0.6869 - acc: 0.5482
Epoch 15/50
37s - loss: 0.6868 - acc: 0.5481
Epoch 16/50
37s - loss: 0.6868 - acc: 0.5483
Epoch 17/50
37s - loss: 0.6869 - acc: 0.5483
Epoch 18/50
37s - loss: 0.6869 - acc: 0.5483
Epoch 19/50
37s - loss: 0.6868 - acc: 0.5483
Epoch 20/50
37s - loss: 0.6869 - acc: 0.5483
Epoch 21/50
37s - loss: 0.6869 - acc: 0.5487
Epoch 22/50
37s - loss: 0.6868 - acc: 0.5484
Epoch 23/50
38s - loss: 0.6868 - acc: 0.5484
Epoch 24/50
38s - loss: 0.6868 - acc: 0.5488
Epoch 25/50
37s - loss: 0.6868 - acc: 0.5490
Epoch 26/50
38s - loss: 0.6868 - acc: 0.5486
Epoch 27/50
37s - loss: 0.6868 - acc: 0.5482
Epoch 28/50
37s - loss: 0.6868 - acc: 0.5483
Epoch 29/50
37s - loss: 0.6867 - acc: 0.5489
Epoch 30/50
37s - loss: 0.6868 - acc: 0.5484
Epoch 31/50
37s - loss: 0.6868 - acc: 0.5486
Epoch 32/50
37s - loss: 0.6868 - acc: 0.5487
Using TensorFlow backend.
binary_search2.py:75: UserWarning: Update your `Conv1D` call to the Keras 2 API: `Conv1D(padding="same", kernel_size=3, filters=32, activation="relu", input_shape=(3, 60))`
  model.add(Convolution1D(input_shape=X.shape[1:],nb_filter=32, filter_length=3, border_mode='same', activation='relu'))
binary_search2.py:78: UserWarning: Update your `Conv1D` call to the Keras 2 API: `Conv1D(padding="same", kernel_size=3, filters=32, activation="relu")`
  model.add(Convolution1D(nb_filter=32, filter_length=3, border_mode='same', activation='relu'))
/usr/local/lib/python3.5/dist-packages/keras/models.py:826: UserWarning: The `nb_epoch` argument in `fit` has been renamed `epochs`.
  warnings.warn('The `nb_epoch` argument in `fit` '
Epoch 33/50
37s - loss: 0.6868 - acc: 0.5485
Epoch 34/50
38s - loss: 0.6870 - acc: 0.5480
Epoch 35/50
38s - loss: 0.6868 - acc: 0.5486
Epoch 36/50
37s - loss: 0.6868 - acc: 0.5482
Epoch 37/50
37s - loss: 0.6868 - acc: 0.5489
Epoch 38/50
37s - loss: 0.6868 - acc: 0.5486
Epoch 39/50
37s - loss: 0.6868 - acc: 0.5483
Epoch 40/50
37s - loss: 0.6867 - acc: 0.5487
Epoch 41/50
37s - loss: 0.6867 - acc: 0.5486
Epoch 42/50
38s - loss: 0.6867 - acc: 0.5484
Epoch 43/50
37s - loss: 0.6867 - acc: 0.5484
Epoch 44/50
37s - loss: 0.6866 - acc: 0.5491
Epoch 45/50
38s - loss: 0.6867 - acc: 0.5486
Epoch 46/50
37s - loss: 0.6867 - acc: 0.5485
Epoch 47/50
38s - loss: 0.6867 - acc: 0.5488
Epoch 48/50
37s - loss: 0.6867 - acc: 0.5487
Epoch 49/50
37s - loss: 0.6867 - acc: 0.5483
Epoch 50/50
37s - loss: 0.6867 - acc: 0.5484
[(0.2, 0.2, 0.2, 16, 8, False, False), (1469.9549999999945, 0.53301294390516374)]
Epoch 1/50
38s - loss: 0.6877 - acc: 0.5469
Epoch 2/50
38s - loss: 0.6874 - acc: 0.5472
Epoch 3/50
38s - loss: 0.6872 - acc: 0.5475
Epoch 4/50
38s - loss: 0.6871 - acc: 0.5478
Epoch 5/50
37s - loss: 0.6871 - acc: 0.5481
Epoch 6/50
37s - loss: 0.6870 - acc: 0.5485
Epoch 7/50
38s - loss: 0.6870 - acc: 0.5481
Epoch 8/50
37s - loss: 0.6870 - acc: 0.5480
Epoch 9/50
38s - loss: 0.6869 - acc: 0.5485
Epoch 10/50
38s - loss: 0.6869 - acc: 0.5484
Epoch 11/50
38s - loss: 0.6869 - acc: 0.5480
Epoch 12/50
38s - loss: 0.6868 - acc: 0.5485
Epoch 13/50
38s - loss: 0.6869 - acc: 0.5482
Epoch 14/50
38s - loss: 0.6869 - acc: 0.5482
Epoch 15/50
38s - loss: 0.6869 - acc: 0.5482
Epoch 16/50
37s - loss: 0.6868 - acc: 0.5484
Epoch 17/50
38s - loss: 0.6869 - acc: 0.5484
Epoch 18/50
38s - loss: 0.6869 - acc: 0.5482
Epoch 19/50
38s - loss: 0.6868 - acc: 0.5482
Epoch 20/50
38s - loss: 0.6868 - acc: 0.5485
Epoch 21/50
38s - loss: 0.6869 - acc: 0.5483
Epoch 22/50
37s - loss: 0.6868 - acc: 0.5481
Epoch 23/50
38s - loss: 0.6869 - acc: 0.5481
Epoch 24/50
37s - loss: 0.6868 - acc: 0.5486
Epoch 25/50
37s - loss: 0.6868 - acc: 0.5486
Epoch 26/50
38s - loss: 0.6868 - acc: 0.5486
Epoch 27/50
37s - loss: 0.6867 - acc: 0.5492
Epoch 28/50
38s - loss: 0.6868 - acc: 0.5480
Epoch 29/50
37s - loss: 0.6868 - acc: 0.5483
Epoch 30/50
37s - loss: 0.6867 - acc: 0.5492
Epoch 31/50
38s - loss: 0.6868 - acc: 0.5486
Epoch 32/50
37s - loss: 0.6868 - acc: 0.5483
Epoch 33/50
38s - loss: 0.6867 - acc: 0.5489
Epoch 34/50
38s - loss: 0.6867 - acc: 0.5491
Epoch 35/50
37s - loss: 0.6867 - acc: 0.5487
Epoch 36/50
38s - loss: 0.6867 - acc: 0.5489
Epoch 37/50
38s - loss: 0.6867 - acc: 0.5488
Epoch 38/50
37s - loss: 0.6867 - acc: 0.5486
Epoch 39/50
38s - loss: 0.6867 - acc: 0.5487
Epoch 40/50
37s - loss: 0.6867 - acc: 0.5487
Epoch 41/50
38s - loss: 0.6866 - acc: 0.5486
Epoch 42/50
38s - loss: 0.6866 - acc: 0.5486
Epoch 43/50
37s - loss: 0.6867 - acc: 0.5490
Epoch 44/50
38s - loss: 0.6867 - acc: 0.5490
Epoch 45/50
38s - loss: 0.6866 - acc: 0.5490
Epoch 46/50
37s - loss: 0.6866 - acc: 0.5488
Epoch 47/50
38s - loss: 0.6867 - acc: 0.5484
Epoch 48/50
38s - loss: 0.6867 - acc: 0.5487
Epoch 49/50
37s - loss: 0.6867 - acc: 0.5488
Epoch 50/50
38s - loss: 0.6867 - acc: 0.5487
[(0.2, 0.2, 0.2, 16, 16, False, False), (1455.864999999998, 0.53088538561445531)]
